Build output check failed:
    Regex: 'command[- ]line option .* is valid for .* but not for C\+\+'
    Output line: 'cc1plus: warning: command line option ‘-Wmissing-prototypes’ is valid for C/ObjC but not for C++'
Compilation failed:
    source file: '/root/work/Ultra-Fast-Lane-Detection-master/build/CMakeFiles/CMakeTmp/src.cxx'
    check option: ' -fsigned-char -W -Wall -Werror=return-type -Werror=non-virtual-dtor -Werror=address -Werror=sequence-point -Wformat -Werror=format-security -Wmissing-declarations  -Wmissing-prototypes'
===== BUILD LOG =====
Change Dir: /root/work/Ultra-Fast-Lane-Detection-master/build/CMakeFiles/CMakeTmp

Run Build Command(s):/usr/bin/gmake cmTC_14713/fast && /usr/bin/gmake  -f CMakeFiles/cmTC_14713.dir/build.make CMakeFiles/cmTC_14713.dir/build
gmake[1]: Entering directory `/root/work/Ultra-Fast-Lane-Detection-master/build/CMakeFiles/CMakeTmp'
Building CXX object CMakeFiles/cmTC_14713.dir/src.cxx.o
/usr/local/bin/c++   -O3 -DNDEBUG -fPIE    -fsigned-char -W -Wall -Werror=return-type -Werror=non-virtual-dtor -Werror=address -Werror=sequence-point -Wformat -Werror=format-security -Wmissing-declarations  -Wmissing-prototypes -std=c++11 -o CMakeFiles/cmTC_14713.dir/src.cxx.o -c /root/work/Ultra-Fast-Lane-Detection-master/build/CMakeFiles/CMakeTmp/src.cxx
cc1plus: warning: command line option ‘-Wmissing-prototypes’ is valid for C/ObjC but not for C++
/root/work/Ultra-Fast-Lane-Detection-master/build/CMakeFiles/CMakeTmp/src.cxx:1:0: warning: ignoring #pragma   [-Wunknown-pragmas]
 #pragma
 ^
Linking CXX executable cmTC_14713
/root/miniconda3/envs/lane-det/bin/cmake -E cmake_link_script CMakeFiles/cmTC_14713.dir/link.txt --verbose=1
/usr/local/bin/c++ -O3 -DNDEBUG CMakeFiles/cmTC_14713.dir/src.cxx.o -o cmTC_14713 
gmake[1]: Leaving directory `/root/work/Ultra-Fast-Lane-Detection-master/build/CMakeFiles/CMakeTmp'


===== END =====

Build output check failed:
    Regex: 'command[- ]line option .* is valid for .* but not for C\+\+'
    Output line: 'cc1plus: warning: command line option ‘-Wstrict-prototypes’ is valid for C/ObjC but not for C++'
Compilation failed:
    source file: '/root/work/Ultra-Fast-Lane-Detection-master/build/CMakeFiles/CMakeTmp/src.cxx'
    check option: ' -fsigned-char -W -Wall -Werror=return-type -Werror=non-virtual-dtor -Werror=address -Werror=sequence-point -Wformat -Werror=format-security -Wmissing-declarations  -Wstrict-prototypes'
===== BUILD LOG =====
Change Dir: /root/work/Ultra-Fast-Lane-Detection-master/build/CMakeFiles/CMakeTmp

Run Build Command(s):/usr/bin/gmake cmTC_dad8b/fast && /usr/bin/gmake  -f CMakeFiles/cmTC_dad8b.dir/build.make CMakeFiles/cmTC_dad8b.dir/build
gmake[1]: Entering directory `/root/work/Ultra-Fast-Lane-Detection-master/build/CMakeFiles/CMakeTmp'
Building CXX object CMakeFiles/cmTC_dad8b.dir/src.cxx.o
/usr/local/bin/c++   -O3 -DNDEBUG -fPIE    -fsigned-char -W -Wall -Werror=return-type -Werror=non-virtual-dtor -Werror=address -Werror=sequence-point -Wformat -Werror=format-security -Wmissing-declarations  -Wstrict-prototypes -std=c++11 -o CMakeFiles/cmTC_dad8b.dir/src.cxx.o -c /root/work/Ultra-Fast-Lane-Detection-master/build/CMakeFiles/CMakeTmp/src.cxx
cc1plus: warning: command line option ‘-Wstrict-prototypes’ is valid for C/ObjC but not for C++
/root/work/Ultra-Fast-Lane-Detection-master/build/CMakeFiles/CMakeTmp/src.cxx:1:0: warning: ignoring #pragma   [-Wunknown-pragmas]
 #pragma
 ^
Linking CXX executable cmTC_dad8b
/root/miniconda3/envs/lane-det/bin/cmake -E cmake_link_script CMakeFiles/cmTC_dad8b.dir/link.txt --verbose=1
/usr/local/bin/c++ -O3 -DNDEBUG CMakeFiles/cmTC_dad8b.dir/src.cxx.o -o cmTC_dad8b 
gmake[1]: Leaving directory `/root/work/Ultra-Fast-Lane-Detection-master/build/CMakeFiles/CMakeTmp'


===== END =====

Build output check failed:
    Regex: 'command[- ]line option .* is valid for .* but not for C'
    Output line: 'cc1: warning: command line option ‘-Wsign-promo’ is valid for C++/ObjC++ but not for C'
Compilation failed:
    source file: '/root/work/Ultra-Fast-Lane-Detection-master/build/CMakeFiles/CMakeTmp/src.c'
    check option: ' -fsigned-char -W -Wall -Werror=return-type -Werror=non-virtual-dtor -Werror=address -Werror=sequence-point -Wformat -Werror=format-security -Wmissing-declarations -Wmissing-prototypes -Wstrict-prototypes -Wundef -Winit-self -Wpointer-arith -Wshadow  -Wsign-promo'
===== BUILD LOG =====
Change Dir: /root/work/Ultra-Fast-Lane-Detection-master/build/CMakeFiles/CMakeTmp

Run Build Command(s):/usr/bin/gmake cmTC_98f5f/fast && /usr/bin/gmake  -f CMakeFiles/cmTC_98f5f.dir/build.make CMakeFiles/cmTC_98f5f.dir/build
gmake[1]: Entering directory `/root/work/Ultra-Fast-Lane-Detection-master/build/CMakeFiles/CMakeTmp'
Building C object CMakeFiles/cmTC_98f5f.dir/src.c.o
/usr/local/bin/gcc   -O3 -DNDEBUG -fPIE    -fsigned-char -W -Wall -Werror=return-type -Werror=non-virtual-dtor -Werror=address -Werror=sequence-point -Wformat -Werror=format-security -Wmissing-declarations -Wmissing-prototypes -Wstrict-prototypes -Wundef -Winit-self -Wpointer-arith -Wshadow  -Wsign-promo -o CMakeFiles/cmTC_98f5f.dir/src.c.o -c /root/work/Ultra-Fast-Lane-Detection-master/build/CMakeFiles/CMakeTmp/src.c
cc1: warning: command line option ‘-Wsign-promo’ is valid for C++/ObjC++ but not for C
/root/work/Ultra-Fast-Lane-Detection-master/build/CMakeFiles/CMakeTmp/src.c:1:0: warning: ignoring #pragma   [-Wunknown-pragmas]
 #pragma
 ^
Linking C executable cmTC_98f5f
/root/miniconda3/envs/lane-det/bin/cmake -E cmake_link_script CMakeFiles/cmTC_98f5f.dir/link.txt --verbose=1
/usr/local/bin/gcc -O3 -DNDEBUG CMakeFiles/cmTC_98f5f.dir/src.c.o -o cmTC_98f5f 
gmake[1]: Leaving directory `/root/work/Ultra-Fast-Lane-Detection-master/build/CMakeFiles/CMakeTmp'


===== END =====

Build output check failed:
    Regex: 'command[- ]line option .* is valid for .* but not for C'
    Output line: 'cc1: warning: command line option ‘-Wsuggest-override’ is valid for C++/ObjC++ but not for C'
Compilation failed:
    source file: '/root/work/Ultra-Fast-Lane-Detection-master/build/CMakeFiles/CMakeTmp/src.c'
    check option: ' -fsigned-char -W -Wall -Werror=return-type -Werror=non-virtual-dtor -Werror=address -Werror=sequence-point -Wformat -Werror=format-security -Wmissing-declarations -Wmissing-prototypes -Wstrict-prototypes -Wundef -Winit-self -Wpointer-arith -Wshadow -Wuninitialized  -Wsuggest-override'
===== BUILD LOG =====
Change Dir: /root/work/Ultra-Fast-Lane-Detection-master/build/CMakeFiles/CMakeTmp

Run Build Command(s):/usr/bin/gmake cmTC_33922/fast && /usr/bin/gmake  -f CMakeFiles/cmTC_33922.dir/build.make CMakeFiles/cmTC_33922.dir/build
gmake[1]: Entering directory `/root/work/Ultra-Fast-Lane-Detection-master/build/CMakeFiles/CMakeTmp'
Building C object CMakeFiles/cmTC_33922.dir/src.c.o
/usr/local/bin/gcc   -O3 -DNDEBUG -fPIE    -fsigned-char -W -Wall -Werror=return-type -Werror=non-virtual-dtor -Werror=address -Werror=sequence-point -Wformat -Werror=format-security -Wmissing-declarations -Wmissing-prototypes -Wstrict-prototypes -Wundef -Winit-self -Wpointer-arith -Wshadow -Wuninitialized  -Wsuggest-override -o CMakeFiles/cmTC_33922.dir/src.c.o -c /root/work/Ultra-Fast-Lane-Detection-master/build/CMakeFiles/CMakeTmp/src.c
cc1: warning: command line option ‘-Wsuggest-override’ is valid for C++/ObjC++ but not for C
/root/work/Ultra-Fast-Lane-Detection-master/build/CMakeFiles/CMakeTmp/src.c:1:0: warning: ignoring #pragma   [-Wunknown-pragmas]
 #pragma
 ^
Linking C executable cmTC_33922
/root/miniconda3/envs/lane-det/bin/cmake -E cmake_link_script CMakeFiles/cmTC_33922.dir/link.txt --verbose=1
/usr/local/bin/gcc -O3 -DNDEBUG CMakeFiles/cmTC_33922.dir/src.c.o -o cmTC_33922 
gmake[1]: Leaving directory `/root/work/Ultra-Fast-Lane-Detection-master/build/CMakeFiles/CMakeTmp'


===== END =====

Build output check failed:
    Regex: 'command[- ]line option .* is valid for .* but not for C'
    Output line: 'cc1: warning: command line option ‘-Wno-delete-non-virtual-dtor’ is valid for C++/ObjC++ but not for C'
Compilation failed:
    source file: '/root/work/Ultra-Fast-Lane-Detection-master/build/CMakeFiles/CMakeTmp/src.c'
    check option: ' -fsigned-char -W -Wall -Werror=return-type -Werror=non-virtual-dtor -Werror=address -Werror=sequence-point -Wformat -Werror=format-security -Wmissing-declarations -Wmissing-prototypes -Wstrict-prototypes -Wundef -Winit-self -Wpointer-arith -Wshadow -Wuninitialized  -Wno-delete-non-virtual-dtor'
===== BUILD LOG =====
Change Dir: /root/work/Ultra-Fast-Lane-Detection-master/build/CMakeFiles/CMakeTmp

Run Build Command(s):/usr/bin/gmake cmTC_6731e/fast && /usr/bin/gmake  -f CMakeFiles/cmTC_6731e.dir/build.make CMakeFiles/cmTC_6731e.dir/build
gmake[1]: Entering directory `/root/work/Ultra-Fast-Lane-Detection-master/build/CMakeFiles/CMakeTmp'
Building C object CMakeFiles/cmTC_6731e.dir/src.c.o
/usr/local/bin/gcc   -O3 -DNDEBUG -fPIE    -fsigned-char -W -Wall -Werror=return-type -Werror=non-virtual-dtor -Werror=address -Werror=sequence-point -Wformat -Werror=format-security -Wmissing-declarations -Wmissing-prototypes -Wstrict-prototypes -Wundef -Winit-self -Wpointer-arith -Wshadow -Wuninitialized  -Wno-delete-non-virtual-dtor -o CMakeFiles/cmTC_6731e.dir/src.c.o -c /root/work/Ultra-Fast-Lane-Detection-master/build/CMakeFiles/CMakeTmp/src.c
cc1: warning: command line option ‘-Wno-delete-non-virtual-dtor’ is valid for C++/ObjC++ but not for C
/root/work/Ultra-Fast-Lane-Detection-master/build/CMakeFiles/CMakeTmp/src.c:1:0: warning: ignoring #pragma   [-Wunknown-pragmas]
 #pragma
 ^
Linking C executable cmTC_6731e
/root/miniconda3/envs/lane-det/bin/cmake -E cmake_link_script CMakeFiles/cmTC_6731e.dir/link.txt --verbose=1
/usr/local/bin/gcc -O3 -DNDEBUG CMakeFiles/cmTC_6731e.dir/src.c.o -o cmTC_6731e 
gmake[1]: Leaving directory `/root/work/Ultra-Fast-Lane-Detection-master/build/CMakeFiles/CMakeTmp'


===== END =====

Build output check failed:
    Regex: 'unrecognized .*option'
    Output line: 'cc1plus: warning: unrecognized command line option ‘-Wno-unnamed-type-template-args’'
Compilation failed:
    source file: '/root/work/Ultra-Fast-Lane-Detection-master/build/CMakeFiles/CMakeTmp/src.cxx'
    check option: ' -fsigned-char -W -Wall -Werror=return-type -Werror=non-virtual-dtor -Werror=address -Werror=sequence-point -Wformat -Werror=format-security -Wmissing-declarations -Wundef -Winit-self -Wpointer-arith -Wshadow -Wsign-promo -Wuninitialized -Wsuggest-override -Wno-delete-non-virtual-dtor  -Wno-unnamed-type-template-args'
===== BUILD LOG =====
Change Dir: /root/work/Ultra-Fast-Lane-Detection-master/build/CMakeFiles/CMakeTmp

Run Build Command(s):/usr/bin/gmake cmTC_e4f75/fast && /usr/bin/gmake  -f CMakeFiles/cmTC_e4f75.dir/build.make CMakeFiles/cmTC_e4f75.dir/build
gmake[1]: Entering directory `/root/work/Ultra-Fast-Lane-Detection-master/build/CMakeFiles/CMakeTmp'
Building CXX object CMakeFiles/cmTC_e4f75.dir/src.cxx.o
/usr/local/bin/c++   -O3 -DNDEBUG -fPIE    -fsigned-char -W -Wall -Werror=return-type -Werror=non-virtual-dtor -Werror=address -Werror=sequence-point -Wformat -Werror=format-security -Wmissing-declarations -Wundef -Winit-self -Wpointer-arith -Wshadow -Wsign-promo -Wuninitialized -Wsuggest-override -Wno-delete-non-virtual-dtor  -Wno-unnamed-type-template-args -std=c++11 -o CMakeFiles/cmTC_e4f75.dir/src.cxx.o -c /root/work/Ultra-Fast-Lane-Detection-master/build/CMakeFiles/CMakeTmp/src.cxx
/root/work/Ultra-Fast-Lane-Detection-master/build/CMakeFiles/CMakeTmp/src.cxx:1:0: warning: ignoring #pragma   [-Wunknown-pragmas]
 #pragma
 ^
cc1plus: warning: unrecognized command line option ‘-Wno-unnamed-type-template-args’
Linking CXX executable cmTC_e4f75
/root/miniconda3/envs/lane-det/bin/cmake -E cmake_link_script CMakeFiles/cmTC_e4f75.dir/link.txt --verbose=1
/usr/local/bin/c++ -O3 -DNDEBUG CMakeFiles/cmTC_e4f75.dir/src.cxx.o -o cmTC_e4f75 
gmake[1]: Leaving directory `/root/work/Ultra-Fast-Lane-Detection-master/build/CMakeFiles/CMakeTmp'


===== END =====

Build output check failed:
    Regex: 'unrecognized .*option'
    Output line: 'cc1: warning: unrecognized command line option ‘-Wno-unnamed-type-template-args’'
Compilation failed:
    source file: '/root/work/Ultra-Fast-Lane-Detection-master/build/CMakeFiles/CMakeTmp/src.c'
    check option: ' -fsigned-char -W -Wall -Werror=return-type -Werror=non-virtual-dtor -Werror=address -Werror=sequence-point -Wformat -Werror=format-security -Wmissing-declarations -Wmissing-prototypes -Wstrict-prototypes -Wundef -Winit-self -Wpointer-arith -Wshadow -Wuninitialized  -Wno-unnamed-type-template-args'
===== BUILD LOG =====
Change Dir: /root/work/Ultra-Fast-Lane-Detection-master/build/CMakeFiles/CMakeTmp

Run Build Command(s):/usr/bin/gmake cmTC_8c5d7/fast && /usr/bin/gmake  -f CMakeFiles/cmTC_8c5d7.dir/build.make CMakeFiles/cmTC_8c5d7.dir/build
gmake[1]: Entering directory `/root/work/Ultra-Fast-Lane-Detection-master/build/CMakeFiles/CMakeTmp'
Building C object CMakeFiles/cmTC_8c5d7.dir/src.c.o
/usr/local/bin/gcc   -O3 -DNDEBUG -fPIE    -fsigned-char -W -Wall -Werror=return-type -Werror=non-virtual-dtor -Werror=address -Werror=sequence-point -Wformat -Werror=format-security -Wmissing-declarations -Wmissing-prototypes -Wstrict-prototypes -Wundef -Winit-self -Wpointer-arith -Wshadow -Wuninitialized  -Wno-unnamed-type-template-args -o CMakeFiles/cmTC_8c5d7.dir/src.c.o -c /root/work/Ultra-Fast-Lane-Detection-master/build/CMakeFiles/CMakeTmp/src.c
/root/work/Ultra-Fast-Lane-Detection-master/build/CMakeFiles/CMakeTmp/src.c:1:0: warning: ignoring #pragma   [-Wunknown-pragmas]
 #pragma
 ^
cc1: warning: unrecognized command line option ‘-Wno-unnamed-type-template-args’
Linking C executable cmTC_8c5d7
/root/miniconda3/envs/lane-det/bin/cmake -E cmake_link_script CMakeFiles/cmTC_8c5d7.dir/link.txt --verbose=1
/usr/local/bin/gcc -O3 -DNDEBUG CMakeFiles/cmTC_8c5d7.dir/src.c.o -o cmTC_8c5d7 
gmake[1]: Leaving directory `/root/work/Ultra-Fast-Lane-Detection-master/build/CMakeFiles/CMakeTmp'


===== END =====

Build output check failed:
    Regex: 'command[- ]line option .* is valid for .* but not for C'
    Output line: 'cc1: warning: command line option ‘-fvisibility-inlines-hidden’ is valid for C++/ObjC++ but not for C'
Compilation failed:
    source file: '/root/work/Ultra-Fast-Lane-Detection-master/build/CMakeFiles/CMakeTmp/src.c'
    check option: ' -fsigned-char -W -Wall -Werror=return-type -Werror=non-virtual-dtor -Werror=address -Werror=sequence-point -Wformat -Werror=format-security -Wmissing-declarations -Wmissing-prototypes -Wstrict-prototypes -Wundef -Winit-self -Wpointer-arith -Wshadow -Wuninitialized -Wno-comment -fdiagnostics-show-option -Wno-long-long -pthread -fomit-frame-pointer -ffunction-sections -fdata-sections  -msse -msse2 -msse3 -fvisibility=hidden  -fvisibility-inlines-hidden'
===== BUILD LOG =====
Change Dir: /root/work/Ultra-Fast-Lane-Detection-master/build/CMakeFiles/CMakeTmp

Run Build Command(s):/usr/bin/gmake cmTC_543c2/fast && /usr/bin/gmake  -f CMakeFiles/cmTC_543c2.dir/build.make CMakeFiles/cmTC_543c2.dir/build
gmake[1]: Entering directory `/root/work/Ultra-Fast-Lane-Detection-master/build/CMakeFiles/CMakeTmp'
Building C object CMakeFiles/cmTC_543c2.dir/src.c.o
/usr/local/bin/gcc   -O3 -DNDEBUG -fPIE    -fsigned-char -W -Wall -Werror=return-type -Werror=non-virtual-dtor -Werror=address -Werror=sequence-point -Wformat -Werror=format-security -Wmissing-declarations -Wmissing-prototypes -Wstrict-prototypes -Wundef -Winit-self -Wpointer-arith -Wshadow -Wuninitialized -Wno-comment -fdiagnostics-show-option -Wno-long-long -pthread -fomit-frame-pointer -ffunction-sections -fdata-sections  -msse -msse2 -msse3 -fvisibility=hidden  -fvisibility-inlines-hidden -o CMakeFiles/cmTC_543c2.dir/src.c.o -c /root/work/Ultra-Fast-Lane-Detection-master/build/CMakeFiles/CMakeTmp/src.c
cc1: warning: command line option ‘-fvisibility-inlines-hidden’ is valid for C++/ObjC++ but not for C
/root/work/Ultra-Fast-Lane-Detection-master/build/CMakeFiles/CMakeTmp/src.c:1:0: warning: ignoring #pragma   [-Wunknown-pragmas]
 #pragma
 ^
Linking C executable cmTC_543c2
/root/miniconda3/envs/lane-det/bin/cmake -E cmake_link_script CMakeFiles/cmTC_543c2.dir/link.txt --verbose=1
/usr/local/bin/gcc -O3 -DNDEBUG CMakeFiles/cmTC_543c2.dir/src.c.o -o cmTC_543c2 
gmake[1]: Leaving directory `/root/work/Ultra-Fast-Lane-Detection-master/build/CMakeFiles/CMakeTmp'


===== END =====

Build output check failed:
    Regex: 'unrecognized .*option'
    Output line: 'cc1: warning: unrecognized command line option ‘-Wno-implicit-fallthrough’'
Compilation failed:
    source file: '/root/work/Ultra-Fast-Lane-Detection-master/build/CMakeFiles/CMakeTmp/src.c'
    check option: ' -Wno-implicit-fallthrough'
===== BUILD LOG =====
Change Dir: /root/work/Ultra-Fast-Lane-Detection-master/build/CMakeFiles/CMakeTmp

Run Build Command(s):/usr/bin/gmake cmTC_dc6b4/fast && /usr/bin/gmake  -f CMakeFiles/cmTC_dc6b4.dir/build.make CMakeFiles/cmTC_dc6b4.dir/build
gmake[1]: Entering directory `/root/work/Ultra-Fast-Lane-Detection-master/build/CMakeFiles/CMakeTmp'
Building C object CMakeFiles/cmTC_dc6b4.dir/src.c.o
/usr/local/bin/gcc   -fsigned-char -W -Wall -Werror=return-type -Werror=non-virtual-dtor -Werror=address -Werror=sequence-point -Wformat -Werror=format-security -Wstrict-prototypes -Wundef -Winit-self -Wpointer-arith -Wuninitialized -Wno-comment -fdiagnostics-show-option -Wno-long-long -pthread -fomit-frame-pointer -ffunction-sections -fdata-sections  -msse -msse2 -msse3 -fvisibility=hidden -std=c99 -Wno-unused-variable -Wno-unused-function -Wno-shadow -Wno-maybe-uninitialized -Wno-missing-prototypes -Wno-missing-declarations  -O3 -DNDEBUG  -DNDEBUG -fPIE    -Wno-implicit-fallthrough -o CMakeFiles/cmTC_dc6b4.dir/src.c.o -c /root/work/Ultra-Fast-Lane-Detection-master/build/CMakeFiles/CMakeTmp/src.c
/root/work/Ultra-Fast-Lane-Detection-master/build/CMakeFiles/CMakeTmp/src.c:1:0: warning: ignoring #pragma   [-Wunknown-pragmas]
 #pragma
 ^
cc1: warning: unrecognized command line option ‘-Wno-implicit-fallthrough’
Linking C executable cmTC_dc6b4
/root/miniconda3/envs/lane-det/bin/cmake -E cmake_link_script CMakeFiles/cmTC_dc6b4.dir/link.txt --verbose=1
/usr/local/bin/gcc    -fsigned-char -W -Wall -Werror=return-type -Werror=non-virtual-dtor -Werror=address -Werror=sequence-point -Wformat -Werror=format-security -Wstrict-prototypes -Wundef -Winit-self -Wpointer-arith -Wuninitialized -Wno-comment -fdiagnostics-show-option -Wno-long-long -pthread -fomit-frame-pointer -ffunction-sections -fdata-sections  -msse -msse2 -msse3 -fvisibility=hidden -std=c99 -Wno-unused-variable -Wno-unused-function -Wno-shadow -Wno-maybe-uninitialized -Wno-missing-prototypes -Wno-missing-declarations  -O3 -DNDEBUG  -DNDEBUG   -Wl,--gc-sections -Wl,--as-needed  CMakeFiles/cmTC_dc6b4.dir/src.c.o -o cmTC_dc6b4 
gmake[1]: Leaving directory `/root/work/Ultra-Fast-Lane-Detection-master/build/CMakeFiles/CMakeTmp'


===== END =====

Build output check failed:
    Regex: 'unrecognized .*option'
    Output line: 'cc1: warning: unrecognized command line option ‘-Wno-implicit-const-int-float-conversion’'
Compilation failed:
    source file: '/root/work/Ultra-Fast-Lane-Detection-master/build/CMakeFiles/CMakeTmp/src.c'
    check option: ' -Wno-implicit-const-int-float-conversion'
===== BUILD LOG =====
Change Dir: /root/work/Ultra-Fast-Lane-Detection-master/build/CMakeFiles/CMakeTmp

Run Build Command(s):/usr/bin/gmake cmTC_ae73f/fast && /usr/bin/gmake  -f CMakeFiles/cmTC_ae73f.dir/build.make CMakeFiles/cmTC_ae73f.dir/build
gmake[1]: Entering directory `/root/work/Ultra-Fast-Lane-Detection-master/build/CMakeFiles/CMakeTmp'
Building C object CMakeFiles/cmTC_ae73f.dir/src.c.o
/usr/local/bin/gcc   -fsigned-char -W -Wall -Werror=return-type -Werror=non-virtual-dtor -Werror=address -Werror=sequence-point -Wformat -Werror=format-security -Wmissing-declarations -Wmissing-prototypes -Wstrict-prototypes -Wundef -Winit-self -Wpointer-arith -Wshadow -Wuninitialized -Wno-comment -fdiagnostics-show-option -Wno-long-long -pthread -fomit-frame-pointer -ffunction-sections -fdata-sections  -msse -msse2 -msse3 -fvisibility=hidden  -O3 -DNDEBUG  -DNDEBUG -fPIE    -Wno-implicit-const-int-float-conversion -o CMakeFiles/cmTC_ae73f.dir/src.c.o -c /root/work/Ultra-Fast-Lane-Detection-master/build/CMakeFiles/CMakeTmp/src.c
/root/work/Ultra-Fast-Lane-Detection-master/build/CMakeFiles/CMakeTmp/src.c:1:0: warning: ignoring #pragma   [-Wunknown-pragmas]
 #pragma
 ^
cc1: warning: unrecognized command line option ‘-Wno-implicit-const-int-float-conversion’
Linking C executable cmTC_ae73f
/root/miniconda3/envs/lane-det/bin/cmake -E cmake_link_script CMakeFiles/cmTC_ae73f.dir/link.txt --verbose=1
/usr/local/bin/gcc    -fsigned-char -W -Wall -Werror=return-type -Werror=non-virtual-dtor -Werror=address -Werror=sequence-point -Wformat -Werror=format-security -Wmissing-declarations -Wmissing-prototypes -Wstrict-prototypes -Wundef -Winit-self -Wpointer-arith -Wshadow -Wuninitialized -Wno-comment -fdiagnostics-show-option -Wno-long-long -pthread -fomit-frame-pointer -ffunction-sections -fdata-sections  -msse -msse2 -msse3 -fvisibility=hidden  -O3 -DNDEBUG  -DNDEBUG   -Wl,--gc-sections -Wl,--as-needed  CMakeFiles/cmTC_ae73f.dir/src.c.o -o cmTC_ae73f 
gmake[1]: Leaving directory `/root/work/Ultra-Fast-Lane-Detection-master/build/CMakeFiles/CMakeTmp'


===== END =====

Determining if the _aligned_malloc exist failed with the following output:
Change Dir: /root/work/Ultra-Fast-Lane-Detection-master/build/CMakeFiles/CMakeTmp

Run Build Command(s):/usr/bin/gmake cmTC_66f13/fast && /usr/bin/gmake  -f CMakeFiles/cmTC_66f13.dir/build.make CMakeFiles/cmTC_66f13.dir/build
gmake[1]: Entering directory `/root/work/Ultra-Fast-Lane-Detection-master/build/CMakeFiles/CMakeTmp'
Building C object CMakeFiles/cmTC_66f13.dir/CheckSymbolExists.c.o
/usr/local/bin/gcc   -fsigned-char -W -Wall -Werror=return-type -Werror=non-virtual-dtor -Werror=address -Werror=sequence-point -Wformat -Werror=format-security -Wmissing-declarations -Wmissing-prototypes -Wstrict-prototypes -Wundef -Winit-self -Wpointer-arith -Wshadow -Wuninitialized -Wno-comment -fdiagnostics-show-option -Wno-long-long -pthread -fomit-frame-pointer -ffunction-sections -fdata-sections  -msse -msse2 -msse3 -fvisibility=hidden  -O3 -DNDEBUG  -DNDEBUG -fPIE -o CMakeFiles/cmTC_66f13.dir/CheckSymbolExists.c.o -c /root/work/Ultra-Fast-Lane-Detection-master/build/CMakeFiles/CMakeTmp/CheckSymbolExists.c
/root/work/Ultra-Fast-Lane-Detection-master/build/CMakeFiles/CMakeTmp/CheckSymbolExists.c: In function ‘main’:
/root/work/Ultra-Fast-Lane-Detection-master/build/CMakeFiles/CMakeTmp/CheckSymbolExists.c:8:19: error: ‘_aligned_malloc’ undeclared (first use in this function)
   return ((int*)(&_aligned_malloc))[argc];
                   ^
/root/work/Ultra-Fast-Lane-Detection-master/build/CMakeFiles/CMakeTmp/CheckSymbolExists.c:8:19: note: each undeclared identifier is reported only once for each function it appears in
/root/work/Ultra-Fast-Lane-Detection-master/build/CMakeFiles/CMakeTmp/CheckSymbolExists.c:4:14: warning: parameter ‘argc’ set but not used [-Wunused-but-set-parameter]
 int main(int argc, char** argv)
              ^
gmake[1]: *** [CMakeFiles/cmTC_66f13.dir/CheckSymbolExists.c.o] Error 1
gmake[1]: Leaving directory `/root/work/Ultra-Fast-Lane-Detection-master/build/CMakeFiles/CMakeTmp'
gmake: *** [cmTC_66f13/fast] Error 2


File /root/work/Ultra-Fast-Lane-Detection-master/build/CMakeFiles/CMakeTmp/CheckSymbolExists.c:
/* */
#include <malloc.h>

int main(int argc, char** argv)
{
  (void)argv;
#ifndef _aligned_malloc
  return ((int*)(&_aligned_malloc))[argc];
#else
  (void)argc;
  return 0;
#endif
}
Build output check failed:
    Regex: 'unrecognized .*option'
    Output line: 'cc1: warning: unrecognized command line option ‘-Wno-cast-function-type’'
Compilation failed:
    source file: '/root/work/Ultra-Fast-Lane-Detection-master/build/CMakeFiles/CMakeTmp/src.c'
    check option: ' -Wno-cast-function-type'
===== BUILD LOG =====
Change Dir: /root/work/Ultra-Fast-Lane-Detection-master/build/CMakeFiles/CMakeTmp

Run Build Command(s):/usr/bin/gmake cmTC_5bb32/fast && /usr/bin/gmake  -f CMakeFiles/cmTC_5bb32.dir/build.make CMakeFiles/cmTC_5bb32.dir/build
gmake[1]: Entering directory `/root/work/Ultra-Fast-Lane-Detection-master/build/CMakeFiles/CMakeTmp'
Building C object CMakeFiles/cmTC_5bb32.dir/src.c.o
/usr/local/bin/gcc   -fsigned-char -W -Wall -Werror=return-type -Werror=non-virtual-dtor -Werror=address -Werror=sequence-point -Wformat -Werror=format-security -Wmissing-declarations -Wmissing-prototypes -Winit-self -Wpointer-arith -Wshadow -Wuninitialized -Wno-comment -fdiagnostics-show-option -Wno-long-long -pthread -fomit-frame-pointer -ffunction-sections -fdata-sections  -msse -msse2 -msse3 -fvisibility=hidden -Wno-undef -Wno-strict-prototypes  -O3 -DNDEBUG  -DNDEBUG -fPIE    -Wno-cast-function-type -o CMakeFiles/cmTC_5bb32.dir/src.c.o -c /root/work/Ultra-Fast-Lane-Detection-master/build/CMakeFiles/CMakeTmp/src.c
/root/work/Ultra-Fast-Lane-Detection-master/build/CMakeFiles/CMakeTmp/src.c:1:0: warning: ignoring #pragma   [-Wunknown-pragmas]
 #pragma
 ^
cc1: warning: unrecognized command line option ‘-Wno-cast-function-type’
Linking C executable cmTC_5bb32
/root/miniconda3/envs/lane-det/bin/cmake -E cmake_link_script CMakeFiles/cmTC_5bb32.dir/link.txt --verbose=1
/usr/local/bin/gcc    -fsigned-char -W -Wall -Werror=return-type -Werror=non-virtual-dtor -Werror=address -Werror=sequence-point -Wformat -Werror=format-security -Wmissing-declarations -Wmissing-prototypes -Winit-self -Wpointer-arith -Wshadow -Wuninitialized -Wno-comment -fdiagnostics-show-option -Wno-long-long -pthread -fomit-frame-pointer -ffunction-sections -fdata-sections  -msse -msse2 -msse3 -fvisibility=hidden -Wno-undef -Wno-strict-prototypes  -O3 -DNDEBUG  -DNDEBUG   -Wl,--gc-sections -Wl,--as-needed  CMakeFiles/cmTC_5bb32.dir/src.c.o -o cmTC_5bb32 
gmake[1]: Leaving directory `/root/work/Ultra-Fast-Lane-Detection-master/build/CMakeFiles/CMakeTmp'


===== END =====

Determining if the include file /root/miniconda3/envs/lane-det/include/libpng/png.h exists failed with the following output:
Change Dir: /root/work/Ultra-Fast-Lane-Detection-master/build/CMakeFiles/CMakeTmp

Run Build Command(s):/usr/bin/gmake cmTC_2259f/fast && /usr/bin/gmake  -f CMakeFiles/cmTC_2259f.dir/build.make CMakeFiles/cmTC_2259f.dir/build
gmake[1]: Entering directory `/root/work/Ultra-Fast-Lane-Detection-master/build/CMakeFiles/CMakeTmp'
Building C object CMakeFiles/cmTC_2259f.dir/CheckIncludeFile.c.o
/usr/local/bin/gcc   -fsigned-char -W -Wall -Werror=return-type -Werror=non-virtual-dtor -Werror=address -Werror=sequence-point -Wformat -Werror=format-security -Wmissing-declarations -Wmissing-prototypes -Wstrict-prototypes -Wundef -Winit-self -Wpointer-arith -Wshadow -Wuninitialized -Wno-comment -fdiagnostics-show-option -Wno-long-long -pthread -fomit-frame-pointer -ffunction-sections -fdata-sections  -msse -msse2 -msse3 -fvisibility=hidden  -O3 -DNDEBUG  -DNDEBUG -fPIE -o CMakeFiles/cmTC_2259f.dir/CheckIncludeFile.c.o -c /root/work/Ultra-Fast-Lane-Detection-master/build/CMakeFiles/CMakeTmp/CheckIncludeFile.c
/root/work/Ultra-Fast-Lane-Detection-master/build/CMakeFiles/CMakeTmp/CheckIncludeFile.c:1:63: fatal error: /root/miniconda3/envs/lane-det/include/libpng/png.h: No such file or directory
compilation terminated.
gmake[1]: *** [CMakeFiles/cmTC_2259f.dir/CheckIncludeFile.c.o] Error 1
gmake[1]: Leaving directory `/root/work/Ultra-Fast-Lane-Detection-master/build/CMakeFiles/CMakeTmp'
gmake: *** [cmTC_2259f/fast] Error 2



Build output check failed:
    Regex: 'unrecognized .*option'
    Output line: 'cc1plus: warning: unrecognized command line option ‘-Wno-misleading-indentation’'
Compilation failed:
    source file: '/root/work/Ultra-Fast-Lane-Detection-master/build/CMakeFiles/CMakeTmp/src.cxx'
    check option: ' -Wno-misleading-indentation'
===== BUILD LOG =====
Change Dir: /root/work/Ultra-Fast-Lane-Detection-master/build/CMakeFiles/CMakeTmp

Run Build Command(s):/usr/bin/gmake cmTC_8c2b5/fast && /usr/bin/gmake  -f CMakeFiles/cmTC_8c2b5.dir/build.make CMakeFiles/cmTC_8c2b5.dir/build
gmake[1]: Entering directory `/root/work/Ultra-Fast-Lane-Detection-master/build/CMakeFiles/CMakeTmp'
Building CXX object CMakeFiles/cmTC_8c2b5.dir/src.cxx.o
/usr/local/bin/c++   -fsigned-char -W -Wall -Werror=return-type -Werror=non-virtual-dtor -Werror=address -Werror=sequence-point -Wformat -Werror=format-security -Winit-self -Wpointer-arith -Wsign-promo -Wsuggest-override -Wno-delete-non-virtual-dtor -Wno-comment -fdiagnostics-show-option -Wno-long-long -pthread -fomit-frame-pointer -ffunction-sections -fdata-sections  -msse -msse2 -msse3 -fvisibility=hidden -fvisibility-inlines-hidden -Wno-shadow -Wno-unused -Wno-sign-compare -Wno-undef -Wno-missing-declarations -Wno-uninitialized -Wno-switch -Wno-parentheses -Wno-array-bounds -Wno-extra -Wno-deprecated-declarations  -O3 -DNDEBUG  -DNDEBUG -fPIE    -Wno-misleading-indentation -std=c++11 -o CMakeFiles/cmTC_8c2b5.dir/src.cxx.o -c /root/work/Ultra-Fast-Lane-Detection-master/build/CMakeFiles/CMakeTmp/src.cxx
/root/work/Ultra-Fast-Lane-Detection-master/build/CMakeFiles/CMakeTmp/src.cxx:1:0: warning: ignoring #pragma   [-Wunknown-pragmas]
 #pragma
 ^
cc1plus: warning: unrecognized command line option ‘-Wno-misleading-indentation’
Linking CXX executable cmTC_8c2b5
/root/miniconda3/envs/lane-det/bin/cmake -E cmake_link_script CMakeFiles/cmTC_8c2b5.dir/link.txt --verbose=1
/usr/local/bin/c++    -fsigned-char -W -Wall -Werror=return-type -Werror=non-virtual-dtor -Werror=address -Werror=sequence-point -Wformat -Werror=format-security -Winit-self -Wpointer-arith -Wsign-promo -Wsuggest-override -Wno-delete-non-virtual-dtor -Wno-comment -fdiagnostics-show-option -Wno-long-long -pthread -fomit-frame-pointer -ffunction-sections -fdata-sections  -msse -msse2 -msse3 -fvisibility=hidden -fvisibility-inlines-hidden -Wno-shadow -Wno-unused -Wno-sign-compare -Wno-undef -Wno-missing-declarations -Wno-uninitialized -Wno-switch -Wno-parentheses -Wno-array-bounds -Wno-extra -Wno-deprecated-declarations  -O3 -DNDEBUG  -DNDEBUG   -Wl,--gc-sections -Wl,--as-needed  CMakeFiles/cmTC_8c2b5.dir/src.cxx.o -o cmTC_8c2b5 
gmake[1]: Leaving directory `/root/work/Ultra-Fast-Lane-Detection-master/build/CMakeFiles/CMakeTmp'


===== END =====

Build output check failed:
    Regex: 'unrecognized .*option'
    Output line: 'cc1plus: warning: unrecognized command line option ‘-Wno-inconsistent-missing-override’'
Compilation failed:
    source file: '/root/work/Ultra-Fast-Lane-Detection-master/build/CMakeFiles/CMakeTmp/src.cxx'
    check option: ' -Wno-inconsistent-missing-override'
===== BUILD LOG =====
Change Dir: /root/work/Ultra-Fast-Lane-Detection-master/build/CMakeFiles/CMakeTmp

Run Build Command(s):/usr/bin/gmake cmTC_92851/fast && /usr/bin/gmake  -f CMakeFiles/cmTC_92851.dir/build.make CMakeFiles/cmTC_92851.dir/build
gmake[1]: Entering directory `/root/work/Ultra-Fast-Lane-Detection-master/build/CMakeFiles/CMakeTmp'
Building CXX object CMakeFiles/cmTC_92851.dir/src.cxx.o
/usr/local/bin/c++   -fsigned-char -W -Wall -Werror=return-type -Werror=non-virtual-dtor -Werror=address -Werror=sequence-point -Wformat -Werror=format-security -Winit-self -Wpointer-arith -Wsign-promo -Wno-delete-non-virtual-dtor -Wno-comment -fdiagnostics-show-option -Wno-long-long -pthread -fomit-frame-pointer -ffunction-sections -fdata-sections  -msse -msse2 -msse3 -fvisibility=hidden -fvisibility-inlines-hidden -Wno-shadow -Wno-unused -Wno-sign-compare -Wno-undef -Wno-missing-declarations -Wno-uninitialized -Wno-switch -Wno-parentheses -Wno-array-bounds -Wno-extra -Wno-deprecated-declarations -Wno-deprecated -Wno-suggest-override  -O3 -DNDEBUG  -DNDEBUG -fPIE    -Wno-inconsistent-missing-override -std=c++11 -o CMakeFiles/cmTC_92851.dir/src.cxx.o -c /root/work/Ultra-Fast-Lane-Detection-master/build/CMakeFiles/CMakeTmp/src.cxx
/root/work/Ultra-Fast-Lane-Detection-master/build/CMakeFiles/CMakeTmp/src.cxx:1:0: warning: ignoring #pragma   [-Wunknown-pragmas]
 #pragma
 ^
cc1plus: warning: unrecognized command line option ‘-Wno-inconsistent-missing-override’
Linking CXX executable cmTC_92851
/root/miniconda3/envs/lane-det/bin/cmake -E cmake_link_script CMakeFiles/cmTC_92851.dir/link.txt --verbose=1
/usr/local/bin/c++    -fsigned-char -W -Wall -Werror=return-type -Werror=non-virtual-dtor -Werror=address -Werror=sequence-point -Wformat -Werror=format-security -Winit-self -Wpointer-arith -Wsign-promo -Wno-delete-non-virtual-dtor -Wno-comment -fdiagnostics-show-option -Wno-long-long -pthread -fomit-frame-pointer -ffunction-sections -fdata-sections  -msse -msse2 -msse3 -fvisibility=hidden -fvisibility-inlines-hidden -Wno-shadow -Wno-unused -Wno-sign-compare -Wno-undef -Wno-missing-declarations -Wno-uninitialized -Wno-switch -Wno-parentheses -Wno-array-bounds -Wno-extra -Wno-deprecated-declarations -Wno-deprecated -Wno-suggest-override  -O3 -DNDEBUG  -DNDEBUG   -Wl,--gc-sections -Wl,--as-needed  CMakeFiles/cmTC_92851.dir/src.cxx.o -o cmTC_92851 
gmake[1]: Leaving directory `/root/work/Ultra-Fast-Lane-Detection-master/build/CMakeFiles/CMakeTmp'


===== END =====

Build output check failed:
    Regex: 'unrecognized .*option'
    Output line: 'cc1plus: warning: unrecognized command line option ‘-Wno-implicit-fallthrough’'
Compilation failed:
    source file: '/root/work/Ultra-Fast-Lane-Detection-master/build/CMakeFiles/CMakeTmp/src.cxx'
    check option: ' -Wno-implicit-fallthrough'
===== BUILD LOG =====
Change Dir: /root/work/Ultra-Fast-Lane-Detection-master/build/CMakeFiles/CMakeTmp

Run Build Command(s):/usr/bin/gmake cmTC_39d55/fast && /usr/bin/gmake  -f CMakeFiles/cmTC_39d55.dir/build.make CMakeFiles/cmTC_39d55.dir/build
gmake[1]: Entering directory `/root/work/Ultra-Fast-Lane-Detection-master/build/CMakeFiles/CMakeTmp'
Building CXX object CMakeFiles/cmTC_39d55.dir/src.cxx.o
/usr/local/bin/c++   -fsigned-char -W -Wall -Werror=return-type -Werror=non-virtual-dtor -Werror=address -Werror=sequence-point -Wformat -Werror=format-security -Winit-self -Wpointer-arith -Wsign-promo -Wno-delete-non-virtual-dtor -Wno-comment -fdiagnostics-show-option -Wno-long-long -pthread -fomit-frame-pointer -ffunction-sections -fdata-sections  -msse -msse2 -msse3 -fvisibility=hidden -fvisibility-inlines-hidden -Wno-shadow -Wno-unused -Wno-sign-compare -Wno-undef -Wno-missing-declarations -Wno-uninitialized -Wno-switch -Wno-parentheses -Wno-array-bounds -Wno-extra -Wno-deprecated-declarations -Wno-deprecated -Wno-suggest-override  -O3 -DNDEBUG  -DNDEBUG -fPIE    -Wno-implicit-fallthrough -std=c++11 -o CMakeFiles/cmTC_39d55.dir/src.cxx.o -c /root/work/Ultra-Fast-Lane-Detection-master/build/CMakeFiles/CMakeTmp/src.cxx
/root/work/Ultra-Fast-Lane-Detection-master/build/CMakeFiles/CMakeTmp/src.cxx:1:0: warning: ignoring #pragma   [-Wunknown-pragmas]
 #pragma
 ^
cc1plus: warning: unrecognized command line option ‘-Wno-implicit-fallthrough’
Linking CXX executable cmTC_39d55
/root/miniconda3/envs/lane-det/bin/cmake -E cmake_link_script CMakeFiles/cmTC_39d55.dir/link.txt --verbose=1
/usr/local/bin/c++    -fsigned-char -W -Wall -Werror=return-type -Werror=non-virtual-dtor -Werror=address -Werror=sequence-point -Wformat -Werror=format-security -Winit-self -Wpointer-arith -Wsign-promo -Wno-delete-non-virtual-dtor -Wno-comment -fdiagnostics-show-option -Wno-long-long -pthread -fomit-frame-pointer -ffunction-sections -fdata-sections  -msse -msse2 -msse3 -fvisibility=hidden -fvisibility-inlines-hidden -Wno-shadow -Wno-unused -Wno-sign-compare -Wno-undef -Wno-missing-declarations -Wno-uninitialized -Wno-switch -Wno-parentheses -Wno-array-bounds -Wno-extra -Wno-deprecated-declarations -Wno-deprecated -Wno-suggest-override  -O3 -DNDEBUG  -DNDEBUG   -Wl,--gc-sections -Wl,--as-needed  CMakeFiles/cmTC_39d55.dir/src.cxx.o -o cmTC_39d55 
gmake[1]: Leaving directory `/root/work/Ultra-Fast-Lane-Detection-master/build/CMakeFiles/CMakeTmp'


===== END =====

Build output check failed:
    Regex: 'unrecognized .*option'
    Output line: 'cc1plus: warning: unrecognized command line option ‘-Wno-tautological-compare’'
Compilation failed:
    source file: '/root/work/Ultra-Fast-Lane-Detection-master/build/CMakeFiles/CMakeTmp/src.cxx'
    check option: ' -Wno-tautological-compare'
===== BUILD LOG =====
Change Dir: /root/work/Ultra-Fast-Lane-Detection-master/build/CMakeFiles/CMakeTmp

Run Build Command(s):/usr/bin/gmake cmTC_d1716/fast && /usr/bin/gmake  -f CMakeFiles/cmTC_d1716.dir/build.make CMakeFiles/cmTC_d1716.dir/build
gmake[1]: Entering directory `/root/work/Ultra-Fast-Lane-Detection-master/build/CMakeFiles/CMakeTmp'
Building CXX object CMakeFiles/cmTC_d1716.dir/src.cxx.o
/usr/local/bin/c++   -fsigned-char -W -Wall -Werror=return-type -Werror=non-virtual-dtor -Werror=address -Werror=sequence-point -Wformat -Werror=format-security -Winit-self -Wpointer-arith -Wsign-promo -Wno-delete-non-virtual-dtor -Wno-comment -fdiagnostics-show-option -Wno-long-long -pthread -fomit-frame-pointer -ffunction-sections -fdata-sections  -msse -msse2 -msse3 -fvisibility=hidden -fvisibility-inlines-hidden -Wno-shadow -Wno-unused -Wno-sign-compare -Wno-undef -Wno-missing-declarations -Wno-uninitialized -Wno-switch -Wno-parentheses -Wno-array-bounds -Wno-extra -Wno-deprecated-declarations -Wno-deprecated -Wno-suggest-override  -O3 -DNDEBUG  -DNDEBUG -fPIE    -Wno-tautological-compare -std=c++11 -o CMakeFiles/cmTC_d1716.dir/src.cxx.o -c /root/work/Ultra-Fast-Lane-Detection-master/build/CMakeFiles/CMakeTmp/src.cxx
/root/work/Ultra-Fast-Lane-Detection-master/build/CMakeFiles/CMakeTmp/src.cxx:1:0: warning: ignoring #pragma   [-Wunknown-pragmas]
 #pragma
 ^
cc1plus: warning: unrecognized command line option ‘-Wno-tautological-compare’
Linking CXX executable cmTC_d1716
/root/miniconda3/envs/lane-det/bin/cmake -E cmake_link_script CMakeFiles/cmTC_d1716.dir/link.txt --verbose=1
/usr/local/bin/c++    -fsigned-char -W -Wall -Werror=return-type -Werror=non-virtual-dtor -Werror=address -Werror=sequence-point -Wformat -Werror=format-security -Winit-self -Wpointer-arith -Wsign-promo -Wno-delete-non-virtual-dtor -Wno-comment -fdiagnostics-show-option -Wno-long-long -pthread -fomit-frame-pointer -ffunction-sections -fdata-sections  -msse -msse2 -msse3 -fvisibility=hidden -fvisibility-inlines-hidden -Wno-shadow -Wno-unused -Wno-sign-compare -Wno-undef -Wno-missing-declarations -Wno-uninitialized -Wno-switch -Wno-parentheses -Wno-array-bounds -Wno-extra -Wno-deprecated-declarations -Wno-deprecated -Wno-suggest-override  -O3 -DNDEBUG  -DNDEBUG   -Wl,--gc-sections -Wl,--as-needed  CMakeFiles/cmTC_d1716.dir/src.cxx.o -o cmTC_d1716 
gmake[1]: Leaving directory `/root/work/Ultra-Fast-Lane-Detection-master/build/CMakeFiles/CMakeTmp'


===== END =====

Build output check failed:
    Regex: 'command[- ]line option .* is valid for .* but not for C\+\+'
    Output line: 'cc1plus: warning: command line option ‘-Wno-missing-prototypes’ is valid for C/ObjC but not for C++'
Compilation failed:
    source file: '/root/work/Ultra-Fast-Lane-Detection-master/build/CMakeFiles/CMakeTmp/src.cxx'
    check option: ' -Wno-missing-prototypes'
===== BUILD LOG =====
Change Dir: /root/work/Ultra-Fast-Lane-Detection-master/build/CMakeFiles/CMakeTmp

Run Build Command(s):/usr/bin/gmake cmTC_f7f9c/fast && /usr/bin/gmake  -f CMakeFiles/cmTC_f7f9c.dir/build.make CMakeFiles/cmTC_f7f9c.dir/build
gmake[1]: Entering directory `/root/work/Ultra-Fast-Lane-Detection-master/build/CMakeFiles/CMakeTmp'
Building CXX object CMakeFiles/cmTC_f7f9c.dir/src.cxx.o
/usr/local/bin/c++   -fsigned-char -W -Wall -Werror=return-type -Werror=non-virtual-dtor -Werror=address -Werror=sequence-point -Wformat -Werror=format-security -Winit-self -Wpointer-arith -Wsign-promo -Wno-delete-non-virtual-dtor -Wno-comment -fdiagnostics-show-option -Wno-long-long -pthread -fomit-frame-pointer -ffunction-sections -fdata-sections  -msse -msse2 -msse3 -fvisibility=hidden -fvisibility-inlines-hidden -Wno-shadow -Wno-unused -Wno-sign-compare -Wno-undef -Wno-missing-declarations -Wno-uninitialized -Wno-switch -Wno-parentheses -Wno-array-bounds -Wno-extra -Wno-deprecated-declarations -Wno-deprecated -Wno-suggest-override  -O3 -DNDEBUG  -DNDEBUG -fPIE    -Wno-missing-prototypes -std=c++11 -o CMakeFiles/cmTC_f7f9c.dir/src.cxx.o -c /root/work/Ultra-Fast-Lane-Detection-master/build/CMakeFiles/CMakeTmp/src.cxx
cc1plus: warning: command line option ‘-Wno-missing-prototypes’ is valid for C/ObjC but not for C++
/root/work/Ultra-Fast-Lane-Detection-master/build/CMakeFiles/CMakeTmp/src.cxx:1:0: warning: ignoring #pragma   [-Wunknown-pragmas]
 #pragma
 ^
Linking CXX executable cmTC_f7f9c
/root/miniconda3/envs/lane-det/bin/cmake -E cmake_link_script CMakeFiles/cmTC_f7f9c.dir/link.txt --verbose=1
/usr/local/bin/c++    -fsigned-char -W -Wall -Werror=return-type -Werror=non-virtual-dtor -Werror=address -Werror=sequence-point -Wformat -Werror=format-security -Winit-self -Wpointer-arith -Wsign-promo -Wno-delete-non-virtual-dtor -Wno-comment -fdiagnostics-show-option -Wno-long-long -pthread -fomit-frame-pointer -ffunction-sections -fdata-sections  -msse -msse2 -msse3 -fvisibility=hidden -fvisibility-inlines-hidden -Wno-shadow -Wno-unused -Wno-sign-compare -Wno-undef -Wno-missing-declarations -Wno-uninitialized -Wno-switch -Wno-parentheses -Wno-array-bounds -Wno-extra -Wno-deprecated-declarations -Wno-deprecated -Wno-suggest-override  -O3 -DNDEBUG  -DNDEBUG   -Wl,--gc-sections -Wl,--as-needed  CMakeFiles/cmTC_f7f9c.dir/src.cxx.o -o cmTC_f7f9c 
gmake[1]: Leaving directory `/root/work/Ultra-Fast-Lane-Detection-master/build/CMakeFiles/CMakeTmp'


===== END =====

Build output check failed:
    Regex: 'unrecognized .*option'
    Output line: 'cc1plus: warning: unrecognized command line option ‘-Wno-implicit-const-int-float-conversion’'
Compilation failed:
    source file: '/root/work/Ultra-Fast-Lane-Detection-master/build/CMakeFiles/CMakeTmp/src.cxx'
    check option: ' -Wno-implicit-const-int-float-conversion'
===== BUILD LOG =====
Change Dir: /root/work/Ultra-Fast-Lane-Detection-master/build/CMakeFiles/CMakeTmp

Run Build Command(s):/usr/bin/gmake cmTC_8d74c/fast && /usr/bin/gmake  -f CMakeFiles/cmTC_8d74c.dir/build.make CMakeFiles/cmTC_8d74c.dir/build
gmake[1]: Entering directory `/root/work/Ultra-Fast-Lane-Detection-master/build/CMakeFiles/CMakeTmp'
Building CXX object CMakeFiles/cmTC_8d74c.dir/src.cxx.o
/usr/local/bin/c++   -fsigned-char -W -Wall -Werror=return-type -Werror=non-virtual-dtor -Werror=address -Werror=sequence-point -Wformat -Werror=format-security -Winit-self -Wpointer-arith -Wsign-promo -Wno-delete-non-virtual-dtor -Wno-comment -fdiagnostics-show-option -Wno-long-long -pthread -fomit-frame-pointer -ffunction-sections -fdata-sections  -msse -msse2 -msse3 -fvisibility=hidden -fvisibility-inlines-hidden -Wno-shadow -Wno-unused -Wno-sign-compare -Wno-undef -Wno-missing-declarations -Wno-uninitialized -Wno-switch -Wno-parentheses -Wno-array-bounds -Wno-extra -Wno-deprecated-declarations -Wno-deprecated -Wno-suggest-override -Wno-reorder -Wno-unused-result  -O3 -DNDEBUG  -DNDEBUG -fPIE    -Wno-implicit-const-int-float-conversion -std=c++11 -o CMakeFiles/cmTC_8d74c.dir/src.cxx.o -c /root/work/Ultra-Fast-Lane-Detection-master/build/CMakeFiles/CMakeTmp/src.cxx
/root/work/Ultra-Fast-Lane-Detection-master/build/CMakeFiles/CMakeTmp/src.cxx:1:0: warning: ignoring #pragma   [-Wunknown-pragmas]
 #pragma
 ^
cc1plus: warning: unrecognized command line option ‘-Wno-implicit-const-int-float-conversion’
Linking CXX executable cmTC_8d74c
/root/miniconda3/envs/lane-det/bin/cmake -E cmake_link_script CMakeFiles/cmTC_8d74c.dir/link.txt --verbose=1
/usr/local/bin/c++    -fsigned-char -W -Wall -Werror=return-type -Werror=non-virtual-dtor -Werror=address -Werror=sequence-point -Wformat -Werror=format-security -Winit-self -Wpointer-arith -Wsign-promo -Wno-delete-non-virtual-dtor -Wno-comment -fdiagnostics-show-option -Wno-long-long -pthread -fomit-frame-pointer -ffunction-sections -fdata-sections  -msse -msse2 -msse3 -fvisibility=hidden -fvisibility-inlines-hidden -Wno-shadow -Wno-unused -Wno-sign-compare -Wno-undef -Wno-missing-declarations -Wno-uninitialized -Wno-switch -Wno-parentheses -Wno-array-bounds -Wno-extra -Wno-deprecated-declarations -Wno-deprecated -Wno-suggest-override -Wno-reorder -Wno-unused-result  -O3 -DNDEBUG  -DNDEBUG   -Wl,--gc-sections -Wl,--as-needed  CMakeFiles/cmTC_8d74c.dir/src.cxx.o -o cmTC_8d74c 
gmake[1]: Leaving directory `/root/work/Ultra-Fast-Lane-Detection-master/build/CMakeFiles/CMakeTmp'


===== END =====

Determining if the function sgemm_ exists failed with the following output:
Change Dir: /root/work/Ultra-Fast-Lane-Detection-master/build/CMakeFiles/CMakeTmp

Run Build Command(s):/usr/bin/gmake cmTC_d9017/fast && /usr/bin/gmake  -f CMakeFiles/cmTC_d9017.dir/build.make CMakeFiles/cmTC_d9017.dir/build
gmake[1]: Entering directory `/root/work/Ultra-Fast-Lane-Detection-master/build/CMakeFiles/CMakeTmp'
Building C object CMakeFiles/cmTC_d9017.dir/CheckFunctionExists.c.o
/usr/local/bin/gcc   -fsigned-char -W -Wall -Werror=return-type -Werror=non-virtual-dtor -Werror=address -Werror=sequence-point -Wformat -Werror=format-security -Wmissing-declarations -Wmissing-prototypes -Wstrict-prototypes -Wundef -Winit-self -Wpointer-arith -Wshadow -Wuninitialized -Wno-comment -fdiagnostics-show-option -Wno-long-long -pthread -fomit-frame-pointer -ffunction-sections -fdata-sections  -msse -msse2 -msse3 -fvisibility=hidden -DCHECK_FUNCTION_EXISTS=sgemm_ -O3 -DNDEBUG  -DNDEBUG -fPIE -o CMakeFiles/cmTC_d9017.dir/CheckFunctionExists.c.o -c /root/miniconda3/envs/lane-det/share/cmake-3.19/Modules/CheckFunctionExists.c
Linking C executable cmTC_d9017
/root/miniconda3/envs/lane-det/bin/cmake -E cmake_link_script CMakeFiles/cmTC_d9017.dir/link.txt --verbose=1
/usr/local/bin/gcc    -fsigned-char -W -Wall -Werror=return-type -Werror=non-virtual-dtor -Werror=address -Werror=sequence-point -Wformat -Werror=format-security -Wmissing-declarations -Wmissing-prototypes -Wstrict-prototypes -Wundef -Winit-self -Wpointer-arith -Wshadow -Wuninitialized -Wno-comment -fdiagnostics-show-option -Wno-long-long -pthread -fomit-frame-pointer -ffunction-sections -fdata-sections  -msse -msse2 -msse3 -fvisibility=hidden -DCHECK_FUNCTION_EXISTS=sgemm_ -O3 -DNDEBUG  -DNDEBUG   -Wl,--gc-sections -Wl,--as-needed  CMakeFiles/cmTC_d9017.dir/CheckFunctionExists.c.o -o cmTC_d9017 
CMakeFiles/cmTC_d9017.dir/CheckFunctionExists.c.o: In function `main':
CheckFunctionExists.c:(.text.startup.main+0xc): undefined reference to `sgemm_'
collect2: error: ld returned 1 exit status
gmake[1]: *** [cmTC_d9017] Error 1
gmake[1]: Leaving directory `/root/work/Ultra-Fast-Lane-Detection-master/build/CMakeFiles/CMakeTmp'
gmake: *** [cmTC_d9017/fast] Error 2



Build output check failed:
    Regex: 'unrecognized .*option'
    Output line: 'cc1plus: warning: unrecognized command line option ‘-Wno-tautological-undefined-compare’'
Compilation failed:
    source file: '/root/work/Ultra-Fast-Lane-Detection-master/build/CMakeFiles/CMakeTmp/src.cxx'
    check option: ' -Wno-tautological-undefined-compare'
===== BUILD LOG =====
Change Dir: /root/work/Ultra-Fast-Lane-Detection-master/build/CMakeFiles/CMakeTmp

Run Build Command(s):/usr/bin/gmake cmTC_16510/fast && /usr/bin/gmake  -f CMakeFiles/cmTC_16510.dir/build.make CMakeFiles/cmTC_16510.dir/build
gmake[1]: Entering directory `/root/work/Ultra-Fast-Lane-Detection-master/build/CMakeFiles/CMakeTmp'
Building CXX object CMakeFiles/cmTC_16510.dir/src.cxx.o
/usr/local/bin/c++   -fsigned-char -W -Wall -Werror=return-type -Werror=non-virtual-dtor -Werror=address -Werror=sequence-point -Wformat -Werror=format-security -Winit-self -Wpointer-arith -Wuninitialized -Wsuggest-override -Wno-delete-non-virtual-dtor -Wno-comment -fdiagnostics-show-option -Wno-long-long -pthread -fomit-frame-pointer -ffunction-sections -fdata-sections  -msse -msse2 -msse3 -fvisibility=hidden -fvisibility-inlines-hidden -Wno-deprecated -Wno-missing-declarations -Wno-shadow -Wno-unused-parameter -Wno-unused-local-typedefs -Wno-sign-compare -Wno-sign-promo -Wno-undef  -O3 -DNDEBUG  -DNDEBUG -fPIE    -Wno-tautological-undefined-compare -std=c++11 -o CMakeFiles/cmTC_16510.dir/src.cxx.o -c /root/work/Ultra-Fast-Lane-Detection-master/build/CMakeFiles/CMakeTmp/src.cxx
/root/work/Ultra-Fast-Lane-Detection-master/build/CMakeFiles/CMakeTmp/src.cxx:1:0: warning: ignoring #pragma   [-Wunknown-pragmas]
 #pragma
 ^
cc1plus: warning: unrecognized command line option ‘-Wno-tautological-undefined-compare’
Linking CXX executable cmTC_16510
/root/miniconda3/envs/lane-det/bin/cmake -E cmake_link_script CMakeFiles/cmTC_16510.dir/link.txt --verbose=1
/usr/local/bin/c++    -fsigned-char -W -Wall -Werror=return-type -Werror=non-virtual-dtor -Werror=address -Werror=sequence-point -Wformat -Werror=format-security -Winit-self -Wpointer-arith -Wuninitialized -Wsuggest-override -Wno-delete-non-virtual-dtor -Wno-comment -fdiagnostics-show-option -Wno-long-long -pthread -fomit-frame-pointer -ffunction-sections -fdata-sections  -msse -msse2 -msse3 -fvisibility=hidden -fvisibility-inlines-hidden -Wno-deprecated -Wno-missing-declarations -Wno-shadow -Wno-unused-parameter -Wno-unused-local-typedefs -Wno-sign-compare -Wno-sign-promo -Wno-undef  -O3 -DNDEBUG  -DNDEBUG   -Wl,--gc-sections -Wl,--as-needed  CMakeFiles/cmTC_16510.dir/src.cxx.o -o cmTC_16510 
gmake[1]: Leaving directory `/root/work/Ultra-Fast-Lane-Detection-master/build/CMakeFiles/CMakeTmp'


===== END =====

Build output check failed:
    Regex: 'unrecognized .*option'
    Output line: 'cc1plus: warning: unrecognized command line option ‘-Wno-unused-const-variable’'
Compilation failed:
    source file: '/root/work/Ultra-Fast-Lane-Detection-master/build/CMakeFiles/CMakeTmp/src.cxx'
    check option: ' -Wno-unused-const-variable'
===== BUILD LOG =====
Change Dir: /root/work/Ultra-Fast-Lane-Detection-master/build/CMakeFiles/CMakeTmp

Run Build Command(s):/usr/bin/gmake cmTC_72090/fast && /usr/bin/gmake  -f CMakeFiles/cmTC_72090.dir/build.make CMakeFiles/cmTC_72090.dir/build
gmake[1]: Entering directory `/root/work/Ultra-Fast-Lane-Detection-master/build/CMakeFiles/CMakeTmp'
Building CXX object CMakeFiles/cmTC_72090.dir/src.cxx.o
/usr/local/bin/c++   -fsigned-char -W -Wall -Werror=return-type -Werror=non-virtual-dtor -Werror=address -Werror=sequence-point -Wformat -Werror=format-security -Winit-self -Wpointer-arith -Wuninitialized -Wsuggest-override -Wno-delete-non-virtual-dtor -Wno-comment -fdiagnostics-show-option -Wno-long-long -pthread -fomit-frame-pointer -ffunction-sections -fdata-sections  -msse -msse2 -msse3 -fvisibility=hidden -fvisibility-inlines-hidden -Wno-deprecated -Wno-missing-declarations -Wno-shadow -Wno-unused-parameter -Wno-unused-local-typedefs -Wno-sign-compare -Wno-sign-promo -Wno-undef -Wno-ignored-qualifiers -Wno-extra -Wno-unused-function  -O3 -DNDEBUG  -DNDEBUG -fPIE    -Wno-unused-const-variable -std=c++11 -o CMakeFiles/cmTC_72090.dir/src.cxx.o -c /root/work/Ultra-Fast-Lane-Detection-master/build/CMakeFiles/CMakeTmp/src.cxx
/root/work/Ultra-Fast-Lane-Detection-master/build/CMakeFiles/CMakeTmp/src.cxx:1:0: warning: ignoring #pragma   [-Wunknown-pragmas]
 #pragma
 ^
cc1plus: warning: unrecognized command line option ‘-Wno-unused-const-variable’
Linking CXX executable cmTC_72090
/root/miniconda3/envs/lane-det/bin/cmake -E cmake_link_script CMakeFiles/cmTC_72090.dir/link.txt --verbose=1
/usr/local/bin/c++    -fsigned-char -W -Wall -Werror=return-type -Werror=non-virtual-dtor -Werror=address -Werror=sequence-point -Wformat -Werror=format-security -Winit-self -Wpointer-arith -Wuninitialized -Wsuggest-override -Wno-delete-non-virtual-dtor -Wno-comment -fdiagnostics-show-option -Wno-long-long -pthread -fomit-frame-pointer -ffunction-sections -fdata-sections  -msse -msse2 -msse3 -fvisibility=hidden -fvisibility-inlines-hidden -Wno-deprecated -Wno-missing-declarations -Wno-shadow -Wno-unused-parameter -Wno-unused-local-typedefs -Wno-sign-compare -Wno-sign-promo -Wno-undef -Wno-ignored-qualifiers -Wno-extra -Wno-unused-function  -O3 -DNDEBUG  -DNDEBUG   -Wl,--gc-sections -Wl,--as-needed  CMakeFiles/cmTC_72090.dir/src.cxx.o -o cmTC_72090 
gmake[1]: Leaving directory `/root/work/Ultra-Fast-Lane-Detection-master/build/CMakeFiles/CMakeTmp'


===== END =====

Build output check failed:
    Regex: 'unrecognized .*option'
    Output line: 'cc1plus: warning: unrecognized command line option ‘-Wno-shorten-64-to-32’'
Compilation failed:
    source file: '/root/work/Ultra-Fast-Lane-Detection-master/build/CMakeFiles/CMakeTmp/src.cxx'
    check option: ' -Wno-shorten-64-to-32'
===== BUILD LOG =====
Change Dir: /root/work/Ultra-Fast-Lane-Detection-master/build/CMakeFiles/CMakeTmp

Run Build Command(s):/usr/bin/gmake cmTC_5247d/fast && /usr/bin/gmake  -f CMakeFiles/cmTC_5247d.dir/build.make CMakeFiles/cmTC_5247d.dir/build
gmake[1]: Entering directory `/root/work/Ultra-Fast-Lane-Detection-master/build/CMakeFiles/CMakeTmp'
Building CXX object CMakeFiles/cmTC_5247d.dir/src.cxx.o
/usr/local/bin/c++   -fsigned-char -W -Wall -Werror=return-type -Werror=non-virtual-dtor -Werror=address -Werror=sequence-point -Wformat -Werror=format-security -Winit-self -Wpointer-arith -Wuninitialized -Wsuggest-override -Wno-delete-non-virtual-dtor -Wno-comment -fdiagnostics-show-option -Wno-long-long -pthread -fomit-frame-pointer -ffunction-sections -fdata-sections  -msse -msse2 -msse3 -fvisibility=hidden -fvisibility-inlines-hidden -Wno-deprecated -Wno-missing-declarations -Wno-shadow -Wno-unused-parameter -Wno-unused-local-typedefs -Wno-sign-compare -Wno-sign-promo -Wno-undef -Wno-ignored-qualifiers -Wno-extra -Wno-unused-function  -O3 -DNDEBUG  -DNDEBUG -fPIE    -Wno-shorten-64-to-32 -std=c++11 -o CMakeFiles/cmTC_5247d.dir/src.cxx.o -c /root/work/Ultra-Fast-Lane-Detection-master/build/CMakeFiles/CMakeTmp/src.cxx
/root/work/Ultra-Fast-Lane-Detection-master/build/CMakeFiles/CMakeTmp/src.cxx:1:0: warning: ignoring #pragma   [-Wunknown-pragmas]
 #pragma
 ^
cc1plus: warning: unrecognized command line option ‘-Wno-shorten-64-to-32’
Linking CXX executable cmTC_5247d
/root/miniconda3/envs/lane-det/bin/cmake -E cmake_link_script CMakeFiles/cmTC_5247d.dir/link.txt --verbose=1
/usr/local/bin/c++    -fsigned-char -W -Wall -Werror=return-type -Werror=non-virtual-dtor -Werror=address -Werror=sequence-point -Wformat -Werror=format-security -Winit-self -Wpointer-arith -Wuninitialized -Wsuggest-override -Wno-delete-non-virtual-dtor -Wno-comment -fdiagnostics-show-option -Wno-long-long -pthread -fomit-frame-pointer -ffunction-sections -fdata-sections  -msse -msse2 -msse3 -fvisibility=hidden -fvisibility-inlines-hidden -Wno-deprecated -Wno-missing-declarations -Wno-shadow -Wno-unused-parameter -Wno-unused-local-typedefs -Wno-sign-compare -Wno-sign-promo -Wno-undef -Wno-ignored-qualifiers -Wno-extra -Wno-unused-function  -O3 -DNDEBUG  -DNDEBUG   -Wl,--gc-sections -Wl,--as-needed  CMakeFiles/cmTC_5247d.dir/src.cxx.o -o cmTC_5247d 
gmake[1]: Leaving directory `/root/work/Ultra-Fast-Lane-Detection-master/build/CMakeFiles/CMakeTmp'


===== END =====

Build output check failed:
    Regex: 'unrecognized .*option'
    Output line: 'cc1plus: warning: unrecognized command line option ‘-Wno-enum-compare-switch’'
Compilation failed:
    source file: '/root/work/Ultra-Fast-Lane-Detection-master/build/CMakeFiles/CMakeTmp/src.cxx'
    check option: ' -Wno-enum-compare-switch'
===== BUILD LOG =====
Change Dir: /root/work/Ultra-Fast-Lane-Detection-master/build/CMakeFiles/CMakeTmp

Run Build Command(s):/usr/bin/gmake cmTC_3cdc4/fast && /usr/bin/gmake  -f CMakeFiles/cmTC_3cdc4.dir/build.make CMakeFiles/cmTC_3cdc4.dir/build
gmake[1]: Entering directory `/root/work/Ultra-Fast-Lane-Detection-master/build/CMakeFiles/CMakeTmp'
Building CXX object CMakeFiles/cmTC_3cdc4.dir/src.cxx.o
/usr/local/bin/c++   -fsigned-char -W -Wall -Werror=return-type -Werror=non-virtual-dtor -Werror=address -Werror=sequence-point -Wformat -Werror=format-security -Winit-self -Wpointer-arith -Wuninitialized -Wsuggest-override -Wno-delete-non-virtual-dtor -Wno-comment -fdiagnostics-show-option -Wno-long-long -pthread -fomit-frame-pointer -ffunction-sections -fdata-sections  -msse -msse2 -msse3 -fvisibility=hidden -fvisibility-inlines-hidden -Wno-deprecated -Wno-missing-declarations -Wno-shadow -Wno-unused-parameter -Wno-unused-local-typedefs -Wno-sign-compare -Wno-sign-promo -Wno-undef -Wno-ignored-qualifiers -Wno-extra -Wno-unused-function -Wno-invalid-offsetof  -O3 -DNDEBUG  -DNDEBUG -fPIE    -Wno-enum-compare-switch -std=c++11 -o CMakeFiles/cmTC_3cdc4.dir/src.cxx.o -c /root/work/Ultra-Fast-Lane-Detection-master/build/CMakeFiles/CMakeTmp/src.cxx
/root/work/Ultra-Fast-Lane-Detection-master/build/CMakeFiles/CMakeTmp/src.cxx:1:0: warning: ignoring #pragma   [-Wunknown-pragmas]
 #pragma
 ^
cc1plus: warning: unrecognized command line option ‘-Wno-enum-compare-switch’
Linking CXX executable cmTC_3cdc4
/root/miniconda3/envs/lane-det/bin/cmake -E cmake_link_script CMakeFiles/cmTC_3cdc4.dir/link.txt --verbose=1
/usr/local/bin/c++    -fsigned-char -W -Wall -Werror=return-type -Werror=non-virtual-dtor -Werror=address -Werror=sequence-point -Wformat -Werror=format-security -Winit-self -Wpointer-arith -Wuninitialized -Wsuggest-override -Wno-delete-non-virtual-dtor -Wno-comment -fdiagnostics-show-option -Wno-long-long -pthread -fomit-frame-pointer -ffunction-sections -fdata-sections  -msse -msse2 -msse3 -fvisibility=hidden -fvisibility-inlines-hidden -Wno-deprecated -Wno-missing-declarations -Wno-shadow -Wno-unused-parameter -Wno-unused-local-typedefs -Wno-sign-compare -Wno-sign-promo -Wno-undef -Wno-ignored-qualifiers -Wno-extra -Wno-unused-function -Wno-invalid-offsetof  -O3 -DNDEBUG  -DNDEBUG   -Wl,--gc-sections -Wl,--as-needed  CMakeFiles/cmTC_3cdc4.dir/src.cxx.o -o cmTC_3cdc4 
gmake[1]: Leaving directory `/root/work/Ultra-Fast-Lane-Detection-master/build/CMakeFiles/CMakeTmp'


===== END =====

Determining if the include file sys/videoio.h exists failed with the following output:
Change Dir: /root/work/Ultra-Fast-Lane-Detection-master/build/CMakeFiles/CMakeTmp

Run Build Command(s):/usr/bin/gmake cmTC_90ffd/fast && /usr/bin/gmake  -f CMakeFiles/cmTC_90ffd.dir/build.make CMakeFiles/cmTC_90ffd.dir/build
gmake[1]: Entering directory `/root/work/Ultra-Fast-Lane-Detection-master/build/CMakeFiles/CMakeTmp'
Building C object CMakeFiles/cmTC_90ffd.dir/CheckIncludeFile.c.o
/usr/local/bin/gcc   -fsigned-char -W -Wall -Werror=return-type -Werror=non-virtual-dtor -Werror=address -Werror=sequence-point -Wformat -Werror=format-security -Wmissing-declarations -Wmissing-prototypes -Wstrict-prototypes -Wundef -Winit-self -Wpointer-arith -Wshadow -Wuninitialized -Wno-comment -fdiagnostics-show-option -Wno-long-long -pthread -fomit-frame-pointer -ffunction-sections -fdata-sections  -msse -msse2 -msse3 -fvisibility=hidden  -O3 -DNDEBUG  -DNDEBUG -fPIE -o CMakeFiles/cmTC_90ffd.dir/CheckIncludeFile.c.o -c /root/work/Ultra-Fast-Lane-Detection-master/build/CMakeFiles/CMakeTmp/CheckIncludeFile.c
/root/work/Ultra-Fast-Lane-Detection-master/build/CMakeFiles/CMakeTmp/CheckIncludeFile.c:1:25: fatal error: sys/videoio.h: No such file or directory
compilation terminated.
gmake[1]: *** [CMakeFiles/cmTC_90ffd.dir/CheckIncludeFile.c.o] Error 1
gmake[1]: Leaving directory `/root/work/Ultra-Fast-Lane-Detection-master/build/CMakeFiles/CMakeTmp'
gmake: *** [cmTC_90ffd/fast] Error 2



